Arguments: 
  C:\Program Files\nodejs\node.exe C:\Users\ninoj\AppData\Roaming\npm\node_modules\yarn\bin\yarn.js start

PATH: 
  C:\Users\ninoj\bin;C:\Program Files\Git\mingw64\bin;C:\Program Files\Git\usr\local\bin;C:\Program Files\Git\usr\bin;C:\Program Files\Git\usr\bin;C:\Program Files\Git\mingw64\bin;C:\Program Files\Git\usr\bin;C:\Users\ninoj\bin;C:\WINDOWS\system32;C:\WINDOWS;C:\WINDOWS\System32\Wbem;C:\WINDOWS\System32\WindowsPowerShell\v1.0;D:\Program Files\Brackets\command;C:\Program Files\nodejs;C:\WINDOWS\System32\OpenSSH;C:\Ruby24-x64\bin;C:\Users\ninoj\AppData\Local\Microsoft\WindowsApps;C:\Program Files (x86)\Nmap;C:\Users\ninoj\AppData\Roaming\npm;C:\Program Files\Heroku\bin;C:\Program Files\Git\usr\bin\vendor_perl;C:\Program Files\Git\usr\bin\core_perl

Yarn version: 
  1.5.1

Node version: 
  9.6.1

Platform: 
  win32 x64

npm manifest: 
  {
    "name": "react-ui",
    "version": "0.1.0",
    "private": true,
    "devDependencies": {
      "react-scripts": "^1.1.0"
    },
    "dependencies": {
      "react": "^16.2.0",
      "react-dom": "^16.2.0"
    },
    "scripts": {
      "start": "react-scripts start",
      "build": "react-scripts build",
      "test": "react-scripts test --env=jsdom",
      "eject": "react-scripts eject"
    },
    "proxy": "http://localhost:5000"
  }

yarn manifest: 
  No manifest

Lockfile: 
  No lockfile

Trace: 
  Error: Command failed.
  Exit code: 1
  Command: C:\WINDOWS\system32\cmd.exe
  Arguments: /d /s /c react-scripts start
  Directory: C:\Users\ninoj\Desktop\phonebook\react-ui
  Output:
  
      at ProcessTermError.MessageError (C:\Users\ninoj\AppData\Roaming\npm\node_modules\yarn\lib\cli.js:186:110)
      at new ProcessTermError (C:\Users\ninoj\AppData\Roaming\npm\node_modules\yarn\lib\cli.js:226:113)
      at ChildProcess.<anonymous> (C:\Users\ninoj\AppData\Roaming\npm\node_modules\yarn\lib\cli.js:30281:17)
      at ChildProcess.emit (events.js:127:13)
      at maybeClose (internal/child_process.js:933:16)
      at Process.ChildProcess._handle.onexit (internal/child_process.js:220:5)
